Build started 11/1/2019 1:21:59 PM.
     1>Project "C:\Users\haptic\Documents\Visual Studio 2010\Projects\Haptic\TangibleVirtualObject\HapticCube\HapticCube.vcxproj" on node 2 (build target(s)).
     1>InitializeBuildStatus:
         Creating "x64\Debug\TangibleVirtualObject.unsuccessfulbuild" because "AlwaysCreate" was specified.
       ClCompile:
         C:\Program Files (x86)\Microsoft Visual Studio 10.0\VC\bin\x86_amd64\CL.exe /c /Zi /nologo /W3 /WX- /Od /D WIN32 /D _DEBUG /D _CONSOLE /D _UNICODE /D UNICODE /Gm /EHsc /RTC1 /MDd /GS /fp:precise /Zc:wchar_t /Zc:forScope /Fo"x64\Debug\\" /Fd"x64\Debug\vc100.pdb" /Gd /TP /errorReport:prompt TangibleVirtualObject.cpp
         TangibleVirtualObject.cpp
     1>TangibleVirtualObject.cpp(738): warning C4996: 'vsprintf': This function or variable may be unsafe. Consider using vsprintf_s instead. To disable deprecation, use _CRT_SECURE_NO_WARNINGS. See online help for details.
                 C:\Program Files (x86)\Microsoft Visual Studio 10.0\VC\include\stdio.h(371) : see declaration of 'vsprintf'
       ManifestResourceCompile:
         All outputs are up-to-date.
       Link:
         C:\Program Files (x86)\Microsoft Visual Studio 10.0\VC\bin\x86_amd64\link.exe /ERRORREPORT:PROMPT /OUT:"C:\Users\haptic\Documents\Visual Studio 2010\Projects\Haptic\TangibleVirtualObject\x64\Debug\TangibleVirtualObject.exe" /INCREMENTAL /NOLOGO hd.lib hl.lib hdu.lib hlu.lib glut32.lib kernel32.lib user32.lib gdi32.lib winspool.lib comdlg32.lib advapi32.lib shell32.lib ole32.lib oleaut32.lib uuid.lib odbc32.lib odbccp32.lib /MANIFEST /ManifestFile:"x64\Debug\TangibleVirtualObject.exe.intermediate.manifest" /MANIFESTUAC:"level='asInvoker' uiAccess='false'" /DEBUG /PDB:"C:\Users\haptic\Documents\Visual Studio 2010\Projects\Haptic\TangibleVirtualObject\x64\Debug\TangibleVirtualObject.pdb" /SUBSYSTEM:CONSOLE /TLBID:1 /DYNAMICBASE /NXCOMPAT /IMPLIB:"C:\Users\haptic\Documents\Visual Studio 2010\Projects\Haptic\TangibleVirtualObject\x64\Debug\TangibleVirtualObject.lib" /MACHINE:X64 x64\Debug\TangibleVirtualObject.exe.embed.manifest.res
         x64\Debug\objloader.obj
         x64\Debug\TangibleVirtualObject.obj
         HapticCube.vcxproj -> C:\Users\haptic\Documents\Visual Studio 2010\Projects\Haptic\TangibleVirtualObject\x64\Debug\TangibleVirtualObject.exe
       Manifest:
         C:\Program Files (x86)\Microsoft SDKs\Windows\v7.0A\bin\mt.exe /nologo /verbose /out:"x64\Debug\TangibleVirtualObject.exe.embed.manifest" /manifest x64\Debug\TangibleVirtualObject.exe.intermediate.manifest
         All outputs are up-to-date.
       LinkEmbedManifest:
         All outputs are up-to-date.
         HapticCube.vcxproj -> C:\Users\haptic\Documents\Visual Studio 2010\Projects\Haptic\TangibleVirtualObject\x64\Debug\TangibleVirtualObject.exe
       FinalizeBuildStatus:
         Deleting file "x64\Debug\TangibleVirtualObject.unsuccessfulbuild".
         Touching "x64\Debug\TangibleVirtualObject.lastbuildstate".
     1>Done Building Project "C:\Users\haptic\Documents\Visual Studio 2010\Projects\Haptic\TangibleVirtualObject\HapticCube\HapticCube.vcxproj" (build target(s)).

Build succeeded.

Time Elapsed 00:00:01.20
