C:\Users\haptic\Documents\Visual Studio 2010\Projects\Haptic\HapticCube\HapticCube\x64\Debug\cl.command.1.tlog
C:\Users\haptic\Documents\Visual Studio 2010\Projects\Haptic\HapticCube\HapticCube\x64\Debug\CL.read.1.tlog
C:\Users\haptic\Documents\Visual Studio 2010\Projects\Haptic\HapticCube\HapticCube\x64\Debug\CL.write.1.tlog
C:\USERS\HAPTIC\DOCUMENTS\VISUAL STUDIO 2010\PROJECTS\HAPTIC\HAPTICCUBE\HAPTICCUBE\X64\DEBUG\HAPTICCUBE.EXE.EMBED.MANIFEST
C:\USERS\HAPTIC\DOCUMENTS\VISUAL STUDIO 2010\PROJECTS\HAPTIC\HAPTICCUBE\HAPTICCUBE\X64\DEBUG\HAPTICCUBE.EXE.EMBED.MANIFEST.RES
C:\USERS\HAPTIC\DOCUMENTS\VISUAL STUDIO 2010\PROJECTS\HAPTIC\HAPTICCUBE\HAPTICCUBE\X64\DEBUG\HAPTICCUBE.EXE.INTERMEDIATE.MANIFEST
C:\USERS\HAPTIC\DOCUMENTS\VISUAL STUDIO 2010\PROJECTS\HAPTIC\HAPTICCUBE\HAPTICCUBE\X64\DEBUG\HAPTICCUBE.OBJ
C:\Users\haptic\Documents\Visual Studio 2010\Projects\Haptic\HapticCube\HapticCube\x64\Debug\HapticCube.vcxprojResolveAssemblyReference.cache
C:\Users\haptic\Documents\Visual Studio 2010\Projects\Haptic\HapticCube\HapticCube\x64\Debug\HapticCube.write.1.tlog
C:\Users\haptic\Documents\Visual Studio 2010\Projects\Haptic\HapticCube\HapticCube\x64\Debug\HapticCube_manifest.rc
C:\Users\haptic\Documents\Visual Studio 2010\Projects\Haptic\HapticCube\HapticCube\x64\Debug\link.2668.read.1.tlog
C:\Users\haptic\Documents\Visual Studio 2010\Projects\Haptic\HapticCube\HapticCube\x64\Debug\link.2668.read.2.tlog
C:\Users\haptic\Documents\Visual Studio 2010\Projects\Haptic\HapticCube\HapticCube\x64\Debug\link.2668.write.1.tlog
C:\Users\haptic\Documents\Visual Studio 2010\Projects\Haptic\HapticCube\HapticCube\x64\Debug\link.2668-cvtres.read.1.tlog
C:\Users\haptic\Documents\Visual Studio 2010\Projects\Haptic\HapticCube\HapticCube\x64\Debug\link.2668-cvtres.write.1.tlog
C:\Users\haptic\Documents\Visual Studio 2010\Projects\Haptic\HapticCube\HapticCube\x64\Debug\link.5084.read.1.tlog
C:\Users\haptic\Documents\Visual Studio 2010\Projects\Haptic\HapticCube\HapticCube\x64\Debug\link.5084.read.2.tlog
C:\Users\haptic\Documents\Visual Studio 2010\Projects\Haptic\HapticCube\HapticCube\x64\Debug\link.5084.write.1.tlog
C:\Users\haptic\Documents\Visual Studio 2010\Projects\Haptic\HapticCube\HapticCube\x64\Debug\link.5084-cvtres.read.1.tlog
C:\Users\haptic\Documents\Visual Studio 2010\Projects\Haptic\HapticCube\HapticCube\x64\Debug\link.5084-cvtres.write.1.tlog
C:\Users\haptic\Documents\Visual Studio 2010\Projects\Haptic\HapticCube\HapticCube\x64\Debug\link.command.1.tlog
C:\Users\haptic\Documents\Visual Studio 2010\Projects\Haptic\HapticCube\HapticCube\x64\Debug\link.read.1.tlog
C:\Users\haptic\Documents\Visual Studio 2010\Projects\Haptic\HapticCube\HapticCube\x64\Debug\link.read.2.tlog
C:\Users\haptic\Documents\Visual Studio 2010\Projects\Haptic\HapticCube\HapticCube\x64\Debug\link.write.1.tlog
C:\Users\haptic\Documents\Visual Studio 2010\Projects\Haptic\HapticCube\HapticCube\x64\Debug\link-cvtres.read.1.tlog
C:\Users\haptic\Documents\Visual Studio 2010\Projects\Haptic\HapticCube\HapticCube\x64\Debug\link-cvtres.write.1.tlog
C:\Users\haptic\Documents\Visual Studio 2010\Projects\Haptic\HapticCube\HapticCube\x64\Debug\mt.command.1.tlog
C:\Users\haptic\Documents\Visual Studio 2010\Projects\Haptic\HapticCube\HapticCube\x64\Debug\mt.read.1.tlog
C:\Users\haptic\Documents\Visual Studio 2010\Projects\Haptic\HapticCube\HapticCube\x64\Debug\mt.write.1.tlog
C:\Users\haptic\Documents\Visual Studio 2010\Projects\Haptic\HapticCube\HapticCube\x64\Debug\rc.command.1.tlog
C:\Users\haptic\Documents\Visual Studio 2010\Projects\Haptic\HapticCube\HapticCube\x64\Debug\rc.read.1.tlog
C:\Users\haptic\Documents\Visual Studio 2010\Projects\Haptic\HapticCube\HapticCube\x64\Debug\rc.write.1.tlog
C:\Users\haptic\Documents\Visual Studio 2010\Projects\Haptic\HapticCube\HapticCube\x64\Debug\vc100.idb
C:\USERS\HAPTIC\DOCUMENTS\VISUAL STUDIO 2010\PROJECTS\HAPTIC\HAPTICCUBE\HAPTICCUBE\X64\DEBUG\VC100.PDB
C:\USERS\HAPTIC\DOCUMENTS\VISUAL STUDIO 2010\PROJECTS\HAPTIC\HAPTICCUBE\X64\DEBUG\HAPTICCUBE.EXE
C:\USERS\HAPTIC\DOCUMENTS\VISUAL STUDIO 2010\PROJECTS\HAPTIC\HAPTICCUBE\X64\DEBUG\HAPTICCUBE.ILK
C:\USERS\HAPTIC\DOCUMENTS\VISUAL STUDIO 2010\PROJECTS\HAPTIC\HAPTICCUBE\X64\DEBUG\HAPTICCUBE.PDB
