C:\Users\haptic\Documents\Visual Studio 2010\Projects\Haptic\TangibleVirtualObject\HapticCube\x64\Debug\cl.command.1.tlog
C:\Users\haptic\Documents\Visual Studio 2010\Projects\Haptic\TangibleVirtualObject\HapticCube\x64\Debug\CL.read.1.tlog
C:\Users\haptic\Documents\Visual Studio 2010\Projects\Haptic\TangibleVirtualObject\HapticCube\x64\Debug\CL.write.1.tlog
C:\Users\haptic\Documents\Visual Studio 2010\Projects\Haptic\TangibleVirtualObject\HapticCube\x64\Debug\link.4412.read.1.tlog
C:\Users\haptic\Documents\Visual Studio 2010\Projects\Haptic\TangibleVirtualObject\HapticCube\x64\Debug\link.4412.read.2.tlog
C:\Users\haptic\Documents\Visual Studio 2010\Projects\Haptic\TangibleVirtualObject\HapticCube\x64\Debug\link.4412.write.1.tlog
C:\Users\haptic\Documents\Visual Studio 2010\Projects\Haptic\TangibleVirtualObject\HapticCube\x64\Debug\link.4412-cvtres.read.1.tlog
C:\Users\haptic\Documents\Visual Studio 2010\Projects\Haptic\TangibleVirtualObject\HapticCube\x64\Debug\link.4412-cvtres.write.1.tlog
C:\Users\haptic\Documents\Visual Studio 2010\Projects\Haptic\TangibleVirtualObject\HapticCube\x64\Debug\link.6812.read.1.tlog
C:\Users\haptic\Documents\Visual Studio 2010\Projects\Haptic\TangibleVirtualObject\HapticCube\x64\Debug\link.6812.read.2.tlog
C:\Users\haptic\Documents\Visual Studio 2010\Projects\Haptic\TangibleVirtualObject\HapticCube\x64\Debug\link.6812.write.1.tlog
C:\Users\haptic\Documents\Visual Studio 2010\Projects\Haptic\TangibleVirtualObject\HapticCube\x64\Debug\link.6812-cvtres.read.1.tlog
C:\Users\haptic\Documents\Visual Studio 2010\Projects\Haptic\TangibleVirtualObject\HapticCube\x64\Debug\link.6812-cvtres.write.1.tlog
C:\Users\haptic\Documents\Visual Studio 2010\Projects\Haptic\TangibleVirtualObject\HapticCube\x64\Debug\link.command.1.tlog
C:\Users\haptic\Documents\Visual Studio 2010\Projects\Haptic\TangibleVirtualObject\HapticCube\x64\Debug\link.read.1.tlog
C:\Users\haptic\Documents\Visual Studio 2010\Projects\Haptic\TangibleVirtualObject\HapticCube\x64\Debug\link.read.2.tlog
C:\Users\haptic\Documents\Visual Studio 2010\Projects\Haptic\TangibleVirtualObject\HapticCube\x64\Debug\link.write.1.tlog
C:\Users\haptic\Documents\Visual Studio 2010\Projects\Haptic\TangibleVirtualObject\HapticCube\x64\Debug\link-cvtres.read.1.tlog
C:\Users\haptic\Documents\Visual Studio 2010\Projects\Haptic\TangibleVirtualObject\HapticCube\x64\Debug\link-cvtres.write.1.tlog
C:\Users\haptic\Documents\Visual Studio 2010\Projects\Haptic\TangibleVirtualObject\HapticCube\x64\Debug\mt.command.1.tlog
C:\Users\haptic\Documents\Visual Studio 2010\Projects\Haptic\TangibleVirtualObject\HapticCube\x64\Debug\mt.read.1.tlog
C:\Users\haptic\Documents\Visual Studio 2010\Projects\Haptic\TangibleVirtualObject\HapticCube\x64\Debug\mt.write.1.tlog
C:\USERS\HAPTIC\DOCUMENTS\VISUAL STUDIO 2010\PROJECTS\HAPTIC\TANGIBLEVIRTUALOBJECT\HAPTICCUBE\X64\DEBUG\OBJLOADER.OBJ
C:\Users\haptic\Documents\Visual Studio 2010\Projects\Haptic\TangibleVirtualObject\HapticCube\x64\Debug\rc.command.1.tlog
C:\Users\haptic\Documents\Visual Studio 2010\Projects\Haptic\TangibleVirtualObject\HapticCube\x64\Debug\rc.read.1.tlog
C:\Users\haptic\Documents\Visual Studio 2010\Projects\Haptic\TangibleVirtualObject\HapticCube\x64\Debug\rc.write.1.tlog
C:\USERS\HAPTIC\DOCUMENTS\VISUAL STUDIO 2010\PROJECTS\HAPTIC\TANGIBLEVIRTUALOBJECT\HAPTICCUBE\X64\DEBUG\TANGIBLEVIRTUALOBJECT.EXE.EMBED.MANIFEST
C:\USERS\HAPTIC\DOCUMENTS\VISUAL STUDIO 2010\PROJECTS\HAPTIC\TANGIBLEVIRTUALOBJECT\HAPTICCUBE\X64\DEBUG\TANGIBLEVIRTUALOBJECT.EXE.EMBED.MANIFEST.RES
C:\USERS\HAPTIC\DOCUMENTS\VISUAL STUDIO 2010\PROJECTS\HAPTIC\TANGIBLEVIRTUALOBJECT\HAPTICCUBE\X64\DEBUG\TANGIBLEVIRTUALOBJECT.EXE.INTERMEDIATE.MANIFEST
C:\USERS\HAPTIC\DOCUMENTS\VISUAL STUDIO 2010\PROJECTS\HAPTIC\TANGIBLEVIRTUALOBJECT\HAPTICCUBE\X64\DEBUG\TANGIBLEVIRTUALOBJECT.OBJ
C:\Users\haptic\Documents\Visual Studio 2010\Projects\Haptic\TangibleVirtualObject\HapticCube\x64\Debug\TangibleVirtualObject.write.1.tlog
C:\Users\haptic\Documents\Visual Studio 2010\Projects\Haptic\TangibleVirtualObject\HapticCube\x64\Debug\TangibleVirtualObject_manifest.rc
C:\Users\haptic\Documents\Visual Studio 2010\Projects\Haptic\TangibleVirtualObject\HapticCube\x64\Debug\vc100.idb
C:\USERS\HAPTIC\DOCUMENTS\VISUAL STUDIO 2010\PROJECTS\HAPTIC\TANGIBLEVIRTUALOBJECT\HAPTICCUBE\X64\DEBUG\VC100.PDB
C:\USERS\HAPTIC\DOCUMENTS\VISUAL STUDIO 2010\PROJECTS\HAPTIC\TANGIBLEVIRTUALOBJECT\X64\DEBUG\TANGIBLEVIRTUALOBJECT.EXE
C:\USERS\HAPTIC\DOCUMENTS\VISUAL STUDIO 2010\PROJECTS\HAPTIC\TANGIBLEVIRTUALOBJECT\X64\DEBUG\TANGIBLEVIRTUALOBJECT.ILK
C:\USERS\HAPTIC\DOCUMENTS\VISUAL STUDIO 2010\PROJECTS\HAPTIC\TANGIBLEVIRTUALOBJECT\X64\DEBUG\TANGIBLEVIRTUALOBJECT.PDB
